<?xml version="1.0" encoding="UTF-8"?>
<testsuite name="jpabook.jpashop.JpawebapplicationApplicationTests" tests="1" skipped="0" failures="0" errors="0" timestamp="2025-02-09T06:22:39" hostname="ichanhans-MacBook-Pro.local" time="0.375">
  <properties/>
  <testcase name="contextLoads()" classname="jpabook.jpashop.JpawebapplicationApplicationTests" time="0.375"/>
  <system-out><![CDATA[15:22:37.855 [Test worker] INFO org.springframework.test.context.support.AnnotationConfigContextLoaderUtils -- Could not detect default configuration classes for test class [jpabook.jpashop.JpawebapplicationApplicationTests]: JpawebapplicationApplicationTests does not declare any static, non-private, non-final, nested classes annotated with @Configuration.
15:22:37.903 [Test worker] INFO org.springframework.boot.test.context.SpringBootTestContextBootstrapper -- Found @SpringBootConfiguration jpabook.jpashop.JpawebapplicationApplication for test class jpabook.jpashop.JpawebapplicationApplicationTests

  .   ____          _            __ _ _
 /\\ / ___'_ __ _ _(_)_ __  __ _ \ \ \ \
( ( )\___ | '_ | '_| | '_ \/ _` | \ \ \ \
 \\/  ___)| |_)| | | | | || (_| |  ) ) ) )
  '  |____| .__|_| |_|_| |_\__, | / / / /
 =========|_|==============|___/=/_/_/_/

 :: Spring Boot ::                (v3.4.2)

2025-02-09T15:22:38.092+09:00  INFO 7927 --- [jpawebapplication] [    Test worker] j.j.JpawebapplicationApplicationTests    : Starting JpawebapplicationApplicationTests using Java 17.0.6 with PID 7927 (started by ichanhan in /Users/ichanhan/Desktop/aloneStudy/SpringLeaning/jpawebapplication)
2025-02-09T15:22:38.092+09:00  INFO 7927 --- [jpawebapplication] [    Test worker] j.j.JpawebapplicationApplicationTests    : No active profile set, falling back to 1 default profile: "default"
2025-02-09T15:22:38.364+09:00  INFO 7927 --- [jpawebapplication] [    Test worker] .s.d.r.c.RepositoryConfigurationDelegate : Bootstrapping Spring Data JPA repositories in DEFAULT mode.
2025-02-09T15:22:38.374+09:00  INFO 7927 --- [jpawebapplication] [    Test worker] .s.d.r.c.RepositoryConfigurationDelegate : Finished Spring Data repository scanning in 5 ms. Found 0 JPA repository interfaces.
2025-02-09T15:22:38.552+09:00  INFO 7927 --- [jpawebapplication] [    Test worker] com.zaxxer.hikari.HikariDataSource       : HikariPool-1 - Starting...
2025-02-09T15:22:38.638+09:00  INFO 7927 --- [jpawebapplication] [    Test worker] com.zaxxer.hikari.pool.HikariPool        : HikariPool-1 - Added connection conn0: url=jdbc:h2:mem:2774c038-66b6-4696-82f7-38736bcb4402 user=SA
2025-02-09T15:22:38.640+09:00  INFO 7927 --- [jpawebapplication] [    Test worker] com.zaxxer.hikari.HikariDataSource       : HikariPool-1 - Start completed.
2025-02-09T15:22:38.664+09:00  INFO 7927 --- [jpawebapplication] [    Test worker] o.hibernate.jpa.internal.util.LogHelper  : HHH000204: Processing PersistenceUnitInfo [name: default]
2025-02-09T15:22:38.690+09:00  INFO 7927 --- [jpawebapplication] [    Test worker] org.hibernate.Version                    : HHH000412: Hibernate ORM core version 6.6.5.Final
2025-02-09T15:22:38.706+09:00  INFO 7927 --- [jpawebapplication] [    Test worker] o.h.c.internal.RegionFactoryInitiator    : HHH000026: Second-level cache disabled
2025-02-09T15:22:38.824+09:00  INFO 7927 --- [jpawebapplication] [    Test worker] o.s.o.j.p.SpringPersistenceUnitInfo      : No LoadTimeWeaver setup: ignoring JPA class transformer
2025-02-09T15:22:38.862+09:00  INFO 7927 --- [jpawebapplication] [    Test worker] org.hibernate.orm.connections.pooling    : HHH10001005: Database info:
	Database JDBC URL [Connecting through datasource 'HikariDataSource (HikariPool-1)']
	Database driver: undefined/unknown
	Database version: 2.3.232
	Autocommit mode: undefined/unknown
	Isolation level: undefined/unknown
	Minimum pool size: undefined/unknown
	Maximum pool size: undefined/unknown
2025-02-09T15:22:39.015+09:00  INFO 7927 --- [jpawebapplication] [    Test worker] o.h.e.t.j.p.i.JtaPlatformInitiator       : HHH000489: No JTA platform available (set 'hibernate.transaction.jta.platform' to enable JTA platform integration)
2025-02-09T15:22:39.017+09:00  INFO 7927 --- [jpawebapplication] [    Test worker] j.LocalContainerEntityManagerFactoryBean : Initialized JPA EntityManagerFactory for persistence unit 'default'
2025-02-09T15:22:39.103+09:00  WARN 7927 --- [jpawebapplication] [    Test worker] JpaBaseConfiguration$JpaWebConfiguration : spring.jpa.open-in-view is enabled by default. Therefore, database queries may be performed during view rendering. Explicitly configure spring.jpa.open-in-view to disable this warning
2025-02-09T15:22:39.329+09:00  INFO 7927 --- [jpawebapplication] [    Test worker] j.j.JpawebapplicationApplicationTests    : Started JpawebapplicationApplicationTests in 1.355 seconds (process running for 1.93)
]]></system-out>
  <system-err><![CDATA[]]></system-err>
</testsuite>
