<?xml version="1.0" encoding="UTF-8"?>
<testsuite name="study.datajpa.DataJpaApplicationTests" tests="1" skipped="0" failures="0" errors="0" timestamp="2025-03-19T13:49:47.253Z" hostname="ichanhans-MacBook-Pro.local" time="0.393">
  <properties/>
  <testcase name="contextLoads()" classname="study.datajpa.DataJpaApplicationTests" time="0.393"/>
  <system-out><![CDATA[22:49:45.713 [Test worker] INFO org.springframework.test.context.support.AnnotationConfigContextLoaderUtils -- Could not detect default configuration classes for test class [study.datajpa.DataJpaApplicationTests]: DataJpaApplicationTests does not declare any static, non-private, non-final, nested classes annotated with @Configuration.
22:49:45.760 [Test worker] INFO org.springframework.boot.test.context.SpringBootTestContextBootstrapper -- Found @SpringBootConfiguration study.datajpa.DataJpaApplication for test class study.datajpa.DataJpaApplicationTests

  .   ____          _            __ _ _
 /\\ / ___'_ __ _ _(_)_ __  __ _ \ \ \ \
( ( )\___ | '_ | '_| | '_ \/ _` | \ \ \ \
 \\/  ___)| |_)| | | | | || (_| |  ) ) ) )
  '  |____| .__|_| |_|_| |_\__, | / / / /
 =========|_|==============|___/=/_/_/_/

 :: Spring Boot ::                (v3.4.3)

2025-03-19T22:49:45.956+09:00  INFO 17500 --- [data-jpa] [    Test worker] study.datajpa.DataJpaApplicationTests    : Starting DataJpaApplicationTests using Java 17.0.6 with PID 17500 (started by ichanhan in /Users/ichanhan/Desktop/aloneStudy/SpringLeaning/data-jpa)
2025-03-19T22:49:45.957+09:00  INFO 17500 --- [data-jpa] [    Test worker] study.datajpa.DataJpaApplicationTests    : No active profile set, falling back to 1 default profile: "default"
2025-03-19T22:49:46.255+09:00  INFO 17500 --- [data-jpa] [    Test worker] .s.d.r.c.RepositoryConfigurationDelegate : Bootstrapping Spring Data JPA repositories in DEFAULT mode.
2025-03-19T22:49:46.272+09:00  INFO 17500 --- [data-jpa] [    Test worker] .s.d.r.c.RepositoryConfigurationDelegate : Finished Spring Data repository scanning in 12 ms. Found 0 JPA repository interfaces.
2025-03-19T22:49:46.451+09:00  INFO 17500 --- [data-jpa] [    Test worker] com.zaxxer.hikari.HikariDataSource       : HikariPool-1 - Starting...
2025-03-19T22:49:46.536+09:00  INFO 17500 --- [data-jpa] [    Test worker] com.zaxxer.hikari.pool.HikariPool        : HikariPool-1 - Added connection conn0: url=jdbc:h2:mem:40407fa3-e93a-4167-9f0c-1adeaca4034f user=SA
2025-03-19T22:49:46.537+09:00  INFO 17500 --- [data-jpa] [    Test worker] com.zaxxer.hikari.HikariDataSource       : HikariPool-1 - Start completed.
2025-03-19T22:49:46.572+09:00  INFO 17500 --- [data-jpa] [    Test worker] o.hibernate.jpa.internal.util.LogHelper  : HHH000204: Processing PersistenceUnitInfo [name: default]
2025-03-19T22:49:46.603+09:00  INFO 17500 --- [data-jpa] [    Test worker] org.hibernate.Version                    : HHH000412: Hibernate ORM core version 6.6.8.Final
2025-03-19T22:49:46.634+09:00  INFO 17500 --- [data-jpa] [    Test worker] o.h.c.internal.RegionFactoryInitiator    : HHH000026: Second-level cache disabled
2025-03-19T22:49:46.764+09:00  INFO 17500 --- [data-jpa] [    Test worker] o.s.o.j.p.SpringPersistenceUnitInfo      : No LoadTimeWeaver setup: ignoring JPA class transformer
2025-03-19T22:49:46.800+09:00  INFO 17500 --- [data-jpa] [    Test worker] org.hibernate.orm.connections.pooling    : HHH10001005: Database info:
	Database JDBC URL [Connecting through datasource 'HikariDataSource (HikariPool-1)']
	Database driver: undefined/unknown
	Database version: 2.3.232
	Autocommit mode: undefined/unknown
	Isolation level: undefined/unknown
	Minimum pool size: undefined/unknown
	Maximum pool size: undefined/unknown
2025-03-19T22:49:46.951+09:00  INFO 17500 --- [data-jpa] [    Test worker] o.h.e.t.j.p.i.JtaPlatformInitiator       : HHH000489: No JTA platform available (set 'hibernate.transaction.jta.platform' to enable JTA platform integration)
2025-03-19T22:49:46.955+09:00  INFO 17500 --- [data-jpa] [    Test worker] j.LocalContainerEntityManagerFactoryBean : Initialized JPA EntityManagerFactory for persistence unit 'default'
2025-03-19T22:49:47.039+09:00  WARN 17500 --- [data-jpa] [    Test worker] JpaBaseConfiguration$JpaWebConfiguration : spring.jpa.open-in-view is enabled by default. Therefore, database queries may be performed during view rendering. Explicitly configure spring.jpa.open-in-view to disable this warning
2025-03-19T22:49:47.245+09:00  INFO 17500 --- [data-jpa] [    Test worker] study.datajpa.DataJpaApplicationTests    : Started DataJpaApplicationTests in 1.409 seconds (process running for 1.979)
]]></system-out>
  <system-err><![CDATA[]]></system-err>
</testsuite>
